[debug] [2020-04-26T11:08:26.943Z] ----------------------------------------------------------------------
[debug] [2020-04-26T11:08:26.946Z] Command:       C:\Program Files\nodejs\node.exe C:\Users\Rajitha Gunathilake\AppData\Roaming\npm\node_modules\firebase-tools\lib\bin\firebase.js deploy
[debug] [2020-04-26T11:08:26.946Z] CLI Version:   8.1.1
[debug] [2020-04-26T11:08:26.947Z] Platform:      win32
[debug] [2020-04-26T11:08:26.947Z] Node Version:  v10.15.3
[debug] [2020-04-26T11:08:26.948Z] Time:          Sun Apr 26 2020 16:38:26 GMT+0530 (India Standard Time)
[debug] [2020-04-26T11:08:26.948Z] ----------------------------------------------------------------------
[debug] [2020-04-26T11:08:26.949Z] 
[debug] [2020-04-26T11:08:26.958Z] > command requires scopes: ["email","openid","https://www.googleapis.com/auth/cloudplatformprojects.readonly","https://www.googleapis.com/auth/firebase","https://www.googleapis.com/auth/cloud-platform"]
[debug] [2020-04-26T11:08:26.958Z] > authorizing via signed-in user
[debug] [2020-04-26T11:08:26.958Z] [iam] checking project imdbmovieapp-e7c00 for permissions ["firebase.projects.get","firebasehosting.sites.update"]
[debug] [2020-04-26T11:08:26.962Z] >>> HTTP REQUEST POST https://cloudresourcemanager.googleapis.com/v1/projects/imdbmovieapp-e7c00:testIamPermissions  
 {"permissions":["firebase.projects.get","firebasehosting.sites.update"]}
[debug] [2020-04-26T11:08:28.632Z] <<< HTTP RESPONSE 200 {"content-type":"application/json; charset=UTF-8","vary":"X-Origin, Referer, Origin,Accept-Encoding","date":"Sun, 26 Apr 2020 11:08:29 GMT","server":"ESF","cache-control":"private","x-xss-protection":"0","x-frame-options":"SAMEORIGIN","x-content-type-options":"nosniff","server-timing":"gfet4t7; dur=1199","alt-svc":"quic=\":443\"; ma=2592000; v=\"46,43\",h3-Q050=\":443\"; ma=2592000,h3-Q049=\":443\"; ma=2592000,h3-Q048=\":443\"; ma=2592000,h3-Q046=\":443\"; ma=2592000,h3-Q043=\":443\"; ma=2592000,h3-T050=\":443\"; ma=2592000","accept-ranges":"none","transfer-encoding":"chunked"}
[debug] [2020-04-26T11:08:28.634Z] >>> HTTP REQUEST GET https://firebase.googleapis.com/v1beta1/projects/imdbmovieapp-e7c00  
 
[debug] [2020-04-26T11:08:29.278Z] <<< HTTP RESPONSE 200 {"content-type":"application/json; charset=UTF-8","vary":"X-Origin, Referer, Origin,Accept-Encoding","date":"Sun, 26 Apr 2020 11:08:29 GMT","server":"ESF","cache-control":"private","x-xss-protection":"0","x-frame-options":"SAMEORIGIN","x-content-type-options":"nosniff","alt-svc":"quic=\":443\"; ma=2592000; v=\"46,43\",h3-Q050=\":443\"; ma=2592000,h3-Q049=\":443\"; ma=2592000,h3-Q048=\":443\"; ma=2592000,h3-Q046=\":443\"; ma=2592000,h3-Q043=\":443\"; ma=2592000,h3-T050=\":443\"; ma=2592000","accept-ranges":"none","transfer-encoding":"chunked"}
[info] 
[info] === Deploying to 'imdbmovieapp-e7c00'...
[info] 
[info] i  deploying hosting
[debug] [2020-04-26T11:08:29.287Z] >>> HTTP REQUEST POST https://firebasehosting.googleapis.com/v1beta1/sites/imdbmovieapp-e7c00/versions  
 {"config":{"rewrites":[{"glob":"**","path":"/index.html"}]},"labels":{"deployment-tool":"cli-firebase"}}
[debug] [2020-04-26T11:08:31.573Z] <<< HTTP RESPONSE 200 {"content-type":"application/json; charset=UTF-8","vary":"X-Origin, Referer, Origin,Accept-Encoding","date":"Sun, 26 Apr 2020 11:08:32 GMT","server":"ESF","cache-control":"private","x-xss-protection":"0","x-frame-options":"SAMEORIGIN","x-content-type-options":"nosniff","alt-svc":"quic=\":443\"; ma=2592000; v=\"46,43\",h3-Q050=\":443\"; ma=2592000,h3-Q049=\":443\"; ma=2592000,h3-Q048=\":443\"; ma=2592000,h3-Q046=\":443\"; ma=2592000,h3-Q043=\":443\"; ma=2592000,h3-T050=\":443\"; ma=2592000","accept-ranges":"none","transfer-encoding":"chunked"}
[info] i  hosting[imdbmovieapp-e7c00]: beginning deploy...
[info] i  hosting[imdbmovieapp-e7c00]: found 20 files in build
[debug] [2020-04-26T11:08:32.051Z] [hosting] hash cache [YnVpbGQ] stored for 20 files
[debug] [2020-04-26T11:08:32.052Z] [hosting][hash queue][FINAL] {"max":454,"min":3,"avg":30.6,"active":0,"complete":20,"success":20,"errored":0,"retried":0,"total":20,"elapsed":461}
[debug] [2020-04-26T11:08:32.052Z] >>> HTTP REQUEST POST https://firebasehosting.googleapis.com/v1beta1/sites/imdbmovieapp-e7c00/versions/145e4530f320ebaf:populateFiles  
 <request body omitted>
